{
  "0 debug pnpm:scope": {
    "selected": 1
  },
  "1 debug pnpm:package-manifest": {
    "initial": {
      "name": "vueflix",
      "version": "3.1.0",
      "type": "module",
      "scripts": {
        "preinstall": "npx only-allow pnpm",
        "dev": "vite",
        "build": "vite build",
        "preview": "vite preview",
        "lint": "eslint ."
      },
      "dependencies": {
        "@vueuse/core": "^10.2.0",
        "dayjs": "^1.11.9",
        "firebase": "^10.7.1",
        "firebase-tools": "^13.0.2",
        "gsap": "^3.12.4",
        "js-cookie": "^3.0.1",
        "pinia": "^2.1.7",
        "sass": "^1.66.1",
        "swiper": "9.3.0",
        "vite-plugin-pwa": "^0.17.3",
        "vue": "^3.4.3",
        "vue-router": "^4.2.4"
      },
      "devDependencies": {
        "@vitejs/plugin-vue": "^4.3.3",
        "eslint": "^7.32.0 || ^8.2.0",
        "eslint-config-airbnb-base": "^15.0.0",
        "eslint-import-resolver-alias": "^1.1.2",
        "eslint-plugin-import": "^2.28.1",
        "eslint-plugin-vue": "^9.17.0",
        "vite": "^5.0.10",
        "vite-plugin-vue-devtools": "^7.0.2"
      },
      "packageManager": "pnpm@8.14.1"
    },
    "prefix": "E:\\repo\\vueflix"
  },
  "2 debug pnpm:context": {
    "currentLockfileExists": false,
    "storeDir": "E:\\.pnpm-store\\v3",
    "virtualStoreDir": "E:\\repo\\vueflix\\node_modules\\.pnpm"
  },
  "3 debug pnpm:stage": {
    "prefix": "E:\\repo\\vueflix",
    "stage": "resolution_started"
  },
  "4 debug pnpm:request-retry": {
    "attempt": 1,
    "error": {
      "code": "ERR_INVALID_THIS"
    },
    "maxRetries": 2,
    "method": "GET",
    "timeout": 10000,
    "url": "https://registry.npmjs.org/@vitejs%2Fplugin-vue"
  },
  "5 debug pnpm:request-retry": {
    "attempt": 1,
    "error": {
      "code": "ERR_INVALID_THIS"
    },
    "maxRetries": 2,
    "method": "GET",
    "timeout": 10000,
    "url": "https://registry.npmjs.org/eslint"
  },
  "6 debug pnpm:request-retry": {
    "attempt": 1,
    "error": {
      "code": "ERR_INVALID_THIS"
    },
    "maxRetries": 2,
    "method": "GET",
    "timeout": 10000,
    "url": "https://registry.npmjs.org/eslint-config-airbnb-base"
  },
  "7 debug pnpm:request-retry": {
    "attempt": 1,
    "error": {
      "code": "ERR_INVALID_THIS"
    },
    "maxRetries": 2,
    "method": "GET",
    "timeout": 10000,
    "url": "https://registry.npmjs.org/eslint-import-resolver-alias"
  },
  "8 debug pnpm:request-retry": {
    "attempt": 1,
    "error": {
      "code": "ERR_INVALID_THIS"
    },
    "maxRetries": 2,
    "method": "GET",
    "timeout": 10000,
    "url": "https://registry.npmjs.org/eslint-plugin-import"
  },
  "9 debug pnpm:request-retry": {
    "attempt": 1,
    "error": {
      "code": "ERR_INVALID_THIS"
    },
    "maxRetries": 2,
    "method": "GET",
    "timeout": 10000,
    "url": "https://registry.npmjs.org/eslint-plugin-vue"
  },
  "10 debug pnpm:request-retry": {
    "attempt": 1,
    "error": {
      "code": "ERR_INVALID_THIS"
    },
    "maxRetries": 2,
    "method": "GET",
    "timeout": 10000,
    "url": "https://registry.npmjs.org/vite"
  },
  "11 debug pnpm:request-retry": {
    "attempt": 1,
    "error": {
      "code": "ERR_INVALID_THIS"
    },
    "maxRetries": 2,
    "method": "GET",
    "timeout": 10000,
    "url": "https://registry.npmjs.org/vite-plugin-vue-devtools"
  },
  "12 debug pnpm:request-retry": {
    "attempt": 1,
    "error": {
      "code": "ERR_INVALID_THIS"
    },
    "maxRetries": 2,
    "method": "GET",
    "timeout": 10000,
    "url": "https://registry.npmjs.org/@vueuse%2Fcore"
  },
  "13 debug pnpm:request-retry": {
    "attempt": 1,
    "error": {
      "code": "ERR_INVALID_THIS"
    },
    "maxRetries": 2,
    "method": "GET",
    "timeout": 10000,
    "url": "https://registry.npmjs.org/dayjs"
  },
  "14 debug pnpm:request-retry": {
    "attempt": 1,
    "error": {
      "code": "ERR_INVALID_THIS"
    },
    "maxRetries": 2,
    "method": "GET",
    "timeout": 10000,
    "url": "https://registry.npmjs.org/firebase"
  },
  "15 debug pnpm:request-retry": {
    "attempt": 1,
    "error": {
      "code": "ERR_INVALID_THIS"
    },
    "maxRetries": 2,
    "method": "GET",
    "timeout": 10000,
    "url": "https://registry.npmjs.org/firebase-tools"
  },
  "16 debug pnpm:request-retry": {
    "attempt": 1,
    "error": {
      "code": "ERR_INVALID_THIS"
    },
    "maxRetries": 2,
    "method": "GET",
    "timeout": 10000,
    "url": "https://registry.npmjs.org/gsap"
  },
  "17 debug pnpm:request-retry": {
    "attempt": 1,
    "error": {
      "code": "ERR_INVALID_THIS"
    },
    "maxRetries": 2,
    "method": "GET",
    "timeout": 10000,
    "url": "https://registry.npmjs.org/js-cookie"
  },
  "18 debug pnpm:request-retry": {
    "attempt": 1,
    "error": {
      "code": "ERR_INVALID_THIS"
    },
    "maxRetries": 2,
    "method": "GET",
    "timeout": 10000,
    "url": "https://registry.npmjs.org/pinia"
  },
  "19 debug pnpm:request-retry": {
    "attempt": 1,
    "error": {
      "code": "ERR_INVALID_THIS"
    },
    "maxRetries": 2,
    "method": "GET",
    "timeout": 10000,
    "url": "https://registry.npmjs.org/sass"
  },
  "20 debug pnpm:request-retry": {
    "attempt": 2,
    "error": {
      "code": "ERR_INVALID_THIS"
    },
    "maxRetries": 2,
    "method": "GET",
    "timeout": 60000,
    "url": "https://registry.npmjs.org/@vitejs%2Fplugin-vue"
  },
  "21 debug pnpm:request-retry": {
    "attempt": 2,
    "error": {
      "code": "ERR_INVALID_THIS"
    },
    "maxRetries": 2,
    "method": "GET",
    "timeout": 60000,
    "url": "https://registry.npmjs.org/eslint"
  },
  "22 debug pnpm:request-retry": {
    "attempt": 2,
    "error": {
      "code": "ERR_INVALID_THIS"
    },
    "maxRetries": 2,
    "method": "GET",
    "timeout": 60000,
    "url": "https://registry.npmjs.org/eslint-config-airbnb-base"
  },
  "23 debug pnpm:request-retry": {
    "attempt": 2,
    "error": {
      "code": "ERR_INVALID_THIS"
    },
    "maxRetries": 2,
    "method": "GET",
    "timeout": 60000,
    "url": "https://registry.npmjs.org/eslint-import-resolver-alias"
  },
  "24 debug pnpm:request-retry": {
    "attempt": 2,
    "error": {
      "code": "ERR_INVALID_THIS"
    },
    "maxRetries": 2,
    "method": "GET",
    "timeout": 60000,
    "url": "https://registry.npmjs.org/eslint-plugin-import"
  },
  "25 debug pnpm:request-retry": {
    "attempt": 2,
    "error": {
      "code": "ERR_INVALID_THIS"
    },
    "maxRetries": 2,
    "method": "GET",
    "timeout": 60000,
    "url": "https://registry.npmjs.org/eslint-plugin-vue"
  },
  "26 debug pnpm:request-retry": {
    "attempt": 2,
    "error": {
      "code": "ERR_INVALID_THIS"
    },
    "maxRetries": 2,
    "method": "GET",
    "timeout": 60000,
    "url": "https://registry.npmjs.org/vite"
  },
  "27 debug pnpm:request-retry": {
    "attempt": 2,
    "error": {
      "code": "ERR_INVALID_THIS"
    },
    "maxRetries": 2,
    "method": "GET",
    "timeout": 60000,
    "url": "https://registry.npmjs.org/vite-plugin-vue-devtools"
  },
  "28 debug pnpm:request-retry": {
    "attempt": 2,
    "error": {
      "code": "ERR_INVALID_THIS"
    },
    "maxRetries": 2,
    "method": "GET",
    "timeout": 60000,
    "url": "https://registry.npmjs.org/@vueuse%2Fcore"
  },
  "29 debug pnpm:request-retry": {
    "attempt": 2,
    "error": {
      "code": "ERR_INVALID_THIS"
    },
    "maxRetries": 2,
    "method": "GET",
    "timeout": 60000,
    "url": "https://registry.npmjs.org/dayjs"
  },
  "30 debug pnpm:request-retry": {
    "attempt": 2,
    "error": {
      "code": "ERR_INVALID_THIS"
    },
    "maxRetries": 2,
    "method": "GET",
    "timeout": 60000,
    "url": "https://registry.npmjs.org/firebase"
  },
  "31 debug pnpm:request-retry": {
    "attempt": 2,
    "error": {
      "code": "ERR_INVALID_THIS"
    },
    "maxRetries": 2,
    "method": "GET",
    "timeout": 60000,
    "url": "https://registry.npmjs.org/firebase-tools"
  },
  "32 debug pnpm:request-retry": {
    "attempt": 2,
    "error": {
      "code": "ERR_INVALID_THIS"
    },
    "maxRetries": 2,
    "method": "GET",
    "timeout": 60000,
    "url": "https://registry.npmjs.org/gsap"
  },
  "33 debug pnpm:request-retry": {
    "attempt": 2,
    "error": {
      "code": "ERR_INVALID_THIS"
    },
    "maxRetries": 2,
    "method": "GET",
    "timeout": 60000,
    "url": "https://registry.npmjs.org/js-cookie"
  },
  "34 debug pnpm:request-retry": {
    "attempt": 2,
    "error": {
      "code": "ERR_INVALID_THIS"
    },
    "maxRetries": 2,
    "method": "GET",
    "timeout": 60000,
    "url": "https://registry.npmjs.org/pinia"
  },
  "35 debug pnpm:request-retry": {
    "attempt": 2,
    "error": {
      "code": "ERR_INVALID_THIS"
    },
    "maxRetries": 2,
    "method": "GET",
    "timeout": 60000,
    "url": "https://registry.npmjs.org/sass"
  },
  "36 error pnpm": {
    "code": "ERR_PNPM_META_FETCH_FAIL",
    "attempts": 1,
    "pkgsStack": [],
    "err": {
      "name": "pnpm",
      "message": "GET https://registry.npmjs.org/@vitejs%2Fplugin-vue: Value of \"this\" must be of type URLSearchParams",
      "code": "ERR_PNPM_META_FETCH_FAIL",
      "stack": "pnpm: GET https://registry.npmjs.org/@vitejs%2Fplugin-vue: Value of \"this\" must be of type URLSearchParams\n    at RetryOperation._fn (C:\\Users\\이현성\\AppData\\Roaming\\npm\\node_modules\\pnpm\\dist\\pnpm.cjs:84844:18)"
    }
  },
  "37 debug pnpm:request-retry": {
    "attempt": 1,
    "error": {
      "code": "ERR_INVALID_THIS"
    },
    "maxRetries": 2,
    "method": "GET",
    "timeout": 10000,
    "url": "https://registry.npmjs.org/swiper"
  }
}